<?xml version="1.0" encoding="UTF-8"?>
<!-- Generated by org.testng.reporters.JUnitXMLReporter -->
<testsuite hostname="nw965456" name="Default test" tests="1" failures="0" timestamp="10 Nov 2012 18:03:33 GMT" time="61.25" errors="0">
  <testcase name="testNationwideMobileAndroid on null(com.nationwide.android.tests.OneTest)" time="0.016" classname="com.nationwide.android.tests.OneTest">
    <skipped/>
  </testcase> <!-- testNationwideMobileAndroid on null(com.nationwide.android.tests.OneTest) -->
</testsuite> <!-- Default test -->
