<?xml version="1.0" encoding="UTF-8"?>
<testng-results skipped="0" failed="1" total="1" passed="0">
  <reporter-output>
  </reporter-output>
  <suite name="Default suite" duration-ms="61250" started-at="2012-11-10T18:02:31Z" finished-at="2012-11-10T18:03:33Z">
    <groups>
    </groups>
    <test name="Default test" duration-ms="61250" started-at="2012-11-10T18:02:31Z" finished-at="2012-11-10T18:03:33Z">
      <class name="com.nationwide.android.tests.OneTest">
        <test-method status="PASS" signature="setWebDriver()[pri:0, instance:null(com.nationwide.android.tests.OneTest)]" name="setWebDriver" is-config="true" duration-ms="61234" started-at="2012-11-10T12:02:31Z" finished-at="2012-11-10T12:03:33Z">
          <reporter-output>
          </reporter-output>
        </test-method> <!-- setWebDriver -->
        <test-method status="FAIL" signature="testNationwideMobileAndroid(org.openqa.selenium.WebDriver)[pri:0, instance:null(com.nationwide.android.tests.OneTest)]" name="testNationwideMobileAndroid" duration-ms="0" started-at="2012-11-10T12:03:33Z" finished-at="2012-11-10T12:03:33Z">
          <exception class="org.testng.TestNGException">
            <message>
              <![CDATA[
Method testNationwideMobileAndroid requires 1 parameters but 0 were supplied in the @Test annotation.]]>
            </message>
            <full-stacktrace>
              <![CDATA[org.testng.TestNGException: 
Method testNationwideMobileAndroid requires 1 parameters but 0 were supplied in the @Test annotation.
	at org.testng.internal.Parameters.checkParameterTypes(Parameters.java:198)
	at org.testng.internal.Parameters.createParameters(Parameters.java:134)
	at org.testng.internal.Parameters.createParameters(Parameters.java:370)
	at org.testng.internal.Parameters.handleParameters(Parameters.java:447)
	at org.testng.internal.Invoker.handleParameters(Invoker.java:1383)
	at org.testng.internal.Invoker.createParameters(Invoker.java:1075)
	at org.testng.internal.Invoker.invokeTestMethods(Invoker.java:1180)
	at org.testng.internal.TestMethodWorker.invokeTestMethods(TestMethodWorker.java:127)
	at org.testng.internal.TestMethodWorker.run(TestMethodWorker.java:111)
	at org.testng.TestRunner.privateRun(TestRunner.java:767)
	at org.testng.TestRunner.run(TestRunner.java:617)
	at org.testng.SuiteRunner.runTest(SuiteRunner.java:334)
	at org.testng.SuiteRunner.runSequentially(SuiteRunner.java:329)
	at org.testng.SuiteRunner.privateRun(SuiteRunner.java:291)
	at org.testng.SuiteRunner.run(SuiteRunner.java:240)
	at org.testng.SuiteRunnerWorker.runSuite(SuiteRunnerWorker.java:52)
	at org.testng.SuiteRunnerWorker.run(SuiteRunnerWorker.java:86)
	at org.testng.TestNG.runSuitesSequentially(TestNG.java:1197)
	at org.testng.TestNG.runSuitesLocally(TestNG.java:1122)
	at org.testng.TestNG.run(TestNG.java:1030)
	at org.testng.remote.RemoteTestNG.run(RemoteTestNG.java:111)
	at org.testng.remote.RemoteTestNG.initAndRun(RemoteTestNG.java:204)
	at org.testng.remote.RemoteTestNG.main(RemoteTestNG.java:175)
]]>
            </full-stacktrace>
          </exception> <!-- org.testng.TestNGException -->
          <reporter-output>
          </reporter-output>
        </test-method> <!-- testNationwideMobileAndroid -->
      </class> <!-- com.nationwide.android.tests.OneTest -->
    </test> <!-- Default test -->
  </suite> <!-- Default suite -->
</testng-results>
